<?xml version="1.0" encoding="UTF-8"?>
<robot generator="Robot 6.1.1 (Python 3.12.0 on darwin)" generated="20231029 09:43:21.746" rpa="false" schemaversion="4">
<suite id="s1" name="Loginpage" source="/Users/rayhan/Documents/Project/QA/kelompok5-mobileAutomation/Sanber50-MobileAutomation-Kelompok5/suites/loginpage.robot">
<test id="s1-t1" name="Unsuccessfully Login With Wrong Username And Correct Password" line="22">
<kw name="Open Flight Application" library="baseApps">
<kw name="Open Application" library="AppiumLibrary">
<arg>${REMOTE_URL}</arg>
<arg>platformName=${PLATFORM_NAME}</arg>
<arg>platformVersion=${PLATFORM_VERSION}</arg>
<arg>deviceName=426a645d</arg>
<arg>appPackage=com.example.myapplication</arg>
<arg>appActivity=com.example.myapplication.MainActivity</arg>
<doc>Opens a new application to given Appium server.
Capabilities of appium server, Android and iOS,
Please check https://github.com/appium/appium/blob/master/docs/en/writing-running-appium/server-args.md
| *Option*            | *Man.* | *Description*     |
| remote_url          | Yes    | Appium server url |
| alias               | no     | alias             |
| strict_ssl          | No     | allows you to send commands to an invalid certificate host like a self-signed one. |</doc>
<status status="PASS" starttime="20231029 09:43:21.909" endtime="20231029 09:43:31.562"/>
</kw>
<status status="PASS" starttime="20231029 09:43:21.909" endtime="20231029 09:43:31.562"/>
</kw>
<kw name="Click Button Sign In" library="logInPage">
<kw name="Click Element" library="AppiumLibrary">
<arg>${signInButton}</arg>
<doc>Click element identified by `locator`.</doc>
<msg timestamp="20231029 09:43:31.568" level="FAIL">Variable '${signInButton}' not found.</msg>
<status status="FAIL" starttime="20231029 09:43:31.566" endtime="20231029 09:43:31.569"/>
</kw>
<status status="FAIL" starttime="20231029 09:43:31.564" endtime="20231029 09:43:31.571"/>
</kw>
<kw name="Input Wrong Username Correct Password" library="logInPage">
<status status="NOT RUN" starttime="20231029 09:43:31.571" endtime="20231029 09:43:31.572"/>
</kw>
<kw name="Click Button Login" library="logInPage">
<status status="NOT RUN" starttime="20231029 09:43:31.572" endtime="20231029 09:43:31.572"/>
</kw>
<kw name="Verify Failed Login Page Username" library="logInPage">
<status status="NOT RUN" starttime="20231029 09:43:31.572" endtime="20231029 09:43:31.572"/>
</kw>
<status status="FAIL" starttime="20231029 09:43:21.908" endtime="20231029 09:43:31.572">Variable '${signInButton}' not found.</status>
</test>
<test id="s1-t2" name="Unsuccessfully Login With Correct Username And Wrong Password" line="29">
<kw name="Clear Username Password" library="logInPage">
<kw name="Clear Text" library="AppiumLibrary">
<arg>${username}</arg>
<doc>Clears the text field identified by `locator`.</doc>
<msg timestamp="20231029 09:43:31.577" level="FAIL">Variable '${username}' not found. Did you mean:
    ${username_2}
    ${username_1}</msg>
<status status="FAIL" starttime="20231029 09:43:31.575" endtime="20231029 09:43:31.578"/>
</kw>
<kw name="Clear Text" library="AppiumLibrary">
<arg>${password}</arg>
<doc>Clears the text field identified by `locator`.</doc>
<status status="NOT RUN" starttime="20231029 09:43:31.578" endtime="20231029 09:43:31.578"/>
</kw>
<status status="FAIL" starttime="20231029 09:43:31.574" endtime="20231029 09:43:31.578"/>
</kw>
<kw name="Input Correct Username Wrong Password" library="logInPage">
<status status="NOT RUN" starttime="20231029 09:43:31.578" endtime="20231029 09:43:31.578"/>
</kw>
<kw name="Click Button Login" library="logInPage">
<status status="NOT RUN" starttime="20231029 09:43:31.578" endtime="20231029 09:43:31.578"/>
</kw>
<kw name="Verify Failed Login Page Username" library="logInPage">
<status status="NOT RUN" starttime="20231029 09:43:31.578" endtime="20231029 09:43:31.578"/>
</kw>
<status status="FAIL" starttime="20231029 09:43:31.573" endtime="20231029 09:43:31.578">Variable '${username}' not found. Did you mean:
    ${username_2}
    ${username_1}</status>
</test>
<test id="s1-t3" name="Unsuccessfully Login With Wrong Username And Wrong Password" line="35">
<kw name="Clear Username Password" library="logInPage">
<kw name="Clear Text" library="AppiumLibrary">
<arg>${username}</arg>
<doc>Clears the text field identified by `locator`.</doc>
<msg timestamp="20231029 09:43:31.580" level="FAIL">Variable '${username}' not found. Did you mean:
    ${username_2}
    ${username_1}</msg>
<status status="FAIL" starttime="20231029 09:43:31.579" endtime="20231029 09:43:31.580"/>
</kw>
<kw name="Clear Text" library="AppiumLibrary">
<arg>${password}</arg>
<doc>Clears the text field identified by `locator`.</doc>
<status status="NOT RUN" starttime="20231029 09:43:31.581" endtime="20231029 09:43:31.581"/>
</kw>
<status status="FAIL" starttime="20231029 09:43:31.579" endtime="20231029 09:43:31.581"/>
</kw>
<kw name="Input Wrong Username Wrong Password" library="logInPage">
<status status="NOT RUN" starttime="20231029 09:43:31.581" endtime="20231029 09:43:31.581"/>
</kw>
<kw name="Click Button Login" library="logInPage">
<status status="NOT RUN" starttime="20231029 09:43:31.581" endtime="20231029 09:43:31.581"/>
</kw>
<kw name="Verify Failed Login Page Username" library="logInPage">
<status status="NOT RUN" starttime="20231029 09:43:31.581" endtime="20231029 09:43:31.581"/>
</kw>
<status status="FAIL" starttime="20231029 09:43:31.579" endtime="20231029 09:43:31.581">Variable '${username}' not found. Did you mean:
    ${username_2}
    ${username_1}</status>
</test>
<test id="s1-t4" name="Unsuccessfully Login With Blank Username And Blank Password" line="41">
<kw name="Clear Username Password" library="logInPage">
<kw name="Clear Text" library="AppiumLibrary">
<arg>${username}</arg>
<doc>Clears the text field identified by `locator`.</doc>
<msg timestamp="20231029 09:43:31.587" level="FAIL">Variable '${username}' not found. Did you mean:
    ${username_2}
    ${username_1}</msg>
<status status="FAIL" starttime="20231029 09:43:31.583" endtime="20231029 09:43:31.588"/>
</kw>
<kw name="Clear Text" library="AppiumLibrary">
<arg>${password}</arg>
<doc>Clears the text field identified by `locator`.</doc>
<status status="NOT RUN" starttime="20231029 09:43:31.588" endtime="20231029 09:43:31.589"/>
</kw>
<status status="FAIL" starttime="20231029 09:43:31.582" endtime="20231029 09:43:31.589"/>
</kw>
<kw name="Input Blank Username Blank Password" library="logInPage">
<status status="NOT RUN" starttime="20231029 09:43:31.589" endtime="20231029 09:43:31.589"/>
</kw>
<kw name="Click Button Login" library="logInPage">
<status status="NOT RUN" starttime="20231029 09:43:31.590" endtime="20231029 09:43:31.590"/>
</kw>
<kw name="Verify Failed Login Page Username" library="logInPage">
<status status="NOT RUN" starttime="20231029 09:43:31.590" endtime="20231029 09:43:31.590"/>
</kw>
<status status="FAIL" starttime="20231029 09:43:31.582" endtime="20231029 09:43:31.590">Variable '${username}' not found. Did you mean:
    ${username_2}
    ${username_1}</status>
</test>
<test id="s1-t5" name="Successfully Login Flight Apps" line="47">
<kw name="Clear Username Password" library="logInPage">
<kw name="Clear Text" library="AppiumLibrary">
<arg>${username}</arg>
<doc>Clears the text field identified by `locator`.</doc>
<msg timestamp="20231029 09:43:31.594" level="FAIL">Variable '${username}' not found. Did you mean:
    ${username_2}
    ${username_1}</msg>
<status status="FAIL" starttime="20231029 09:43:31.593" endtime="20231029 09:43:31.594"/>
</kw>
<kw name="Clear Text" library="AppiumLibrary">
<arg>${password}</arg>
<doc>Clears the text field identified by `locator`.</doc>
<status status="NOT RUN" starttime="20231029 09:43:31.594" endtime="20231029 09:43:31.594"/>
</kw>
<status status="FAIL" starttime="20231029 09:43:31.592" endtime="20231029 09:43:31.594"/>
</kw>
<kw name="Input Username Password Correct" library="logInPage">
<status status="NOT RUN" starttime="20231029 09:43:31.594" endtime="20231029 09:43:31.594"/>
</kw>
<kw name="Click Button Login" library="logInPage">
<status status="NOT RUN" starttime="20231029 09:43:31.594" endtime="20231029 09:43:31.594"/>
</kw>
<kw name="Verify Login Page" library="logInPage">
<status status="NOT RUN" starttime="20231029 09:43:31.595" endtime="20231029 09:43:31.595"/>
</kw>
<kw name="Click Button Sign Out" library="logInPage">
<status status="NOT RUN" starttime="20231029 09:43:31.595" endtime="20231029 09:43:31.595"/>
</kw>
<kw name="Verify Home Page" library="logInPage">
<status status="NOT RUN" starttime="20231029 09:43:31.595" endtime="20231029 09:43:31.595"/>
</kw>
<kw name="Close Flight Application" library="baseApps">
<status status="NOT RUN" starttime="20231029 09:43:31.595" endtime="20231029 09:43:31.595"/>
</kw>
<status status="FAIL" starttime="20231029 09:43:31.591" endtime="20231029 09:43:31.595">Variable '${username}' not found. Did you mean:
    ${username_2}
    ${username_1}</status>
</test>
<status status="FAIL" starttime="20231029 09:43:21.748" endtime="20231029 09:43:31.596"/>
</suite>
<statistics>
<total>
<stat pass="0" fail="5" skip="0">All Tests</stat>
</total>
<tag>
</tag>
<suite>
<stat pass="0" fail="5" skip="0" id="s1" name="Loginpage">Loginpage</stat>
</suite>
</statistics>
<errors>
<msg timestamp="20231029 09:43:21.905" level="ERROR">Error in file '/Users/rayhan/Documents/Project/QA/kelompok5-mobileAutomation/Sanber50-MobileAutomation-Kelompok5/pageObjects/logInPage/logInPage.robot' on line 3: Processing variable file '/Users/rayhan/Documents/Project/QA/kelompok5-mobileAutomation/Sanber50-MobileAutomation-Kelompok5/pageObjects/logInPage/loginpage-locator.yaml' failed: Using YAML variable files requires PyYAML module to be installed. Typically you can install it by running `pip install pyyaml`.</msg>
<msg timestamp="20231029 09:43:21.906" level="ERROR">Error in file '/Users/rayhan/Documents/Project/QA/kelompok5-mobileAutomation/Sanber50-MobileAutomation-Kelompok5/pageObjects/logInPage/logInPage.robot' on line 4: Processing variable file '/Users/rayhan/Documents/Project/QA/kelompok5-mobileAutomation/Sanber50-MobileAutomation-Kelompok5/pageObjects/homePage/homepage-locator.yaml' failed: Using YAML variable files requires PyYAML module to be installed. Typically you can install it by running `pip install pyyaml`.</msg>
<msg timestamp="20231029 09:43:21.907" level="ERROR">Error in file '/Users/rayhan/Documents/Project/QA/kelompok5-mobileAutomation/Sanber50-MobileAutomation-Kelompok5/pageObjects/logInPage/logInPage.robot' on line 5: Processing variable file '../baseApps.robot' failed: Importing variable file '../baseApps.robot' failed: ModuleNotFoundError: No module named '.'
Traceback (most recent call last):
  None
PYTHONPATH:
  /Users/rayhan/Documents/Project/QA/kelompok5-mobileAutomation/Sanber50-MobileAutomation-Kelompok5
  /Library/Frameworks/Python.framework/Versions/3.12/lib/python312.zip
  /Library/Frameworks/Python.framework/Versions/3.12/lib/python3.12
  /Library/Frameworks/Python.framework/Versions/3.12/lib/python3.12/lib-dynload
  /Library/Frameworks/Python.framework/Versions/3.12/lib/python3.12/site-packages</msg>
</errors>
</robot>
